app/build/intermediates/manifest_merge_blame_file/debug/manifest-merger-blame-debug-report.txt
1<?xml version="1.0" encoding="utf-8"?>
2<manifest xmlns:android="http://schemas.android.com/apk/res/android"
3    package="com.azhar.travel"
4    android:versionCode="1"
5    android:versionName="1.0" >
6
7    <uses-sdk
8        android:minSdkVersion="21"
8-->src\main\AndroidManifest.xml
9        android:targetSdkVersion="29" />
9-->src\main\AndroidManifest.xml
10
11    <application
11-->src\main\AndroidManifest.xml:6:5-43:19
12        android:allowBackup="true"
12-->src\main\AndroidManifest.xml:7:9-35
13        android:appComponentFactory="androidx.core.app.CoreComponentFactory"
13-->[androidx.core:core:1.1.0] AndroidManifest.xml:24:18-86
14        android:debuggable="true"
15        android:icon="@mipmap/ic_launcher"
15-->src\main\AndroidManifest.xml:8:9-43
16        android:label="@string/app_name"
16-->src\main\AndroidManifest.xml:9:9-41
17        android:roundIcon="@mipmap/ic_launcher_round"
17-->src\main\AndroidManifest.xml:10:9-54
18        android:supportsRtl="true"
18-->src\main\AndroidManifest.xml:11:9-35
19        android:testOnly="true"
20        android:theme="@style/AppTheme" >
20-->src\main\AndroidManifest.xml:12:9-40
21        <activity
21-->src\main\AndroidManifest.xml:14:9-17:20
22            android:name="com.sevenhead.barber.activity.MainActivity"
22-->src\main\AndroidManifest.xml:15:13-70
23            android:screenOrientation="portrait" >
23-->src\main\AndroidManifest.xml:16:13-49
24        </activity>
25        <activity
25-->src\main\AndroidManifest.xml:18:9-28:20
26            android:name="com.sevenhead.barber.activity.LoginActivity"
26-->src\main\AndroidManifest.xml:19:13-71
27            android:configChanges="keyboardHidden|orientation|screenSize"
27-->src\main\AndroidManifest.xml:20:13-74
28            android:screenOrientation="portrait"
28-->src\main\AndroidManifest.xml:21:13-49
29            android:windowSoftInputMode="adjustPan" >
29-->src\main\AndroidManifest.xml:22:13-52
30            <intent-filter>
30-->src\main\AndroidManifest.xml:23:13-27:29
31                <action android:name="android.intent.action.MAIN" />
31-->src\main\AndroidManifest.xml:24:17-69
31-->src\main\AndroidManifest.xml:24:25-66
32
33                <category android:name="android.intent.category.LAUNCHER" />
33-->src\main\AndroidManifest.xml:26:17-77
33-->src\main\AndroidManifest.xml:26:27-74
34            </intent-filter>
35        </activity>
36        <activity
36-->src\main\AndroidManifest.xml:29:9-33:55
37            android:name="com.sevenhead.barber.activity.RegisterActivity"
37-->src\main\AndroidManifest.xml:30:13-74
38            android:configChanges="keyboardHidden|orientation|screenSize"
38-->src\main\AndroidManifest.xml:31:13-74
39            android:screenOrientation="portrait"
39-->src\main\AndroidManifest.xml:32:13-49
40            android:windowSoftInputMode="adjustPan" />
40-->src\main\AndroidManifest.xml:33:13-52
41        <activity
41-->src\main\AndroidManifest.xml:34:9-36:52
42            android:name="com.sevenhead.barber.activity.ProfileActivity"
42-->src\main\AndroidManifest.xml:35:13-73
43            android:screenOrientation="portrait" />
43-->src\main\AndroidManifest.xml:36:13-49
44        <activity
44-->src\main\AndroidManifest.xml:37:9-39:52
45            android:name="com.sevenhead.barber.activity.HistoryActivity"
45-->src\main\AndroidManifest.xml:38:13-73
46            android:screenOrientation="portrait" />
46-->src\main\AndroidManifest.xml:39:13-49
47        <activity
47-->src\main\AndroidManifest.xml:40:9-42:52
48            android:name="com.sevenhead.barber.activity.BookingActivity"
48-->src\main\AndroidManifest.xml:41:13-73
49            android:screenOrientation="portrait" />
49-->src\main\AndroidManifest.xml:42:13-49
50    </application>
51
52</manifest>